<?xml version="1.0" encoding="UTF-8"?>
<!-- Generated by org.testng.reporters.JUnitReportReporter -->
<testsuite hostname="Vishus__Lappy" failures="0" tests="2" name="testngcheck.MethodsToRunTestCasesOnCurrentPage" time="0.025" errors="0" timestamp="2023-02-01T00:35:15 IST" skipped="0">
  <testcase classname="testngcheck.MethodsToRunTestCasesOnCurrentPage" name="verifyTitleofPage" time="0.015"/>
  <system-out/>
  <testcase classname="testngcheck.MethodsToRunTestCasesOnCurrentPage" name="verifyUrlOfPage" time="0.010"/>
  <system-out/>
</testsuite> <!-- testngcheck.MethodsToRunTestCasesOnCurrentPage -->
